app/build/intermediates/manifest_merge_blame_file/debug/manifest-merger-blame-debug-report.txt
1<?xml version="1.0" encoding="utf-8"?>
2<manifest xmlns:android="http://schemas.android.com/apk/res/android"
3    package="com.alexkang.loopboard"
4    android:versionCode="20"
5    android:versionName="3.0" >
6
7    <uses-sdk
8        android:minSdkVersion="21"
8-->src\main\AndroidManifest.xml
9        android:targetSdkVersion="26" />
9-->src\main\AndroidManifest.xml
10
11    <uses-permission android:name="android.permission.RECORD_AUDIO" />
11-->src\main\AndroidManifest.xml:6:5-71
11-->src\main\AndroidManifest.xml:6:22-68
12
13    <!-- <uses-permission android:name="android.permission.WRITE_EXTERNAL_STORAGE" /> -->
14    <application
14-->src\main\AndroidManifest.xml:9:5-25:19
15        android:allowBackup="true"
15-->src\main\AndroidManifest.xml:10:9-35
16        android:debuggable="true"
17        android:icon="@drawable/ic_launcher"
17-->src\main\AndroidManifest.xml:11:9-45
18        android:label="@string/app_name"
18-->src\main\AndroidManifest.xml:12:9-41
19        android:largeHeap="true"
19-->src\main\AndroidManifest.xml:14:9-33
20        android:testOnly="true"
21        android:theme="@style/AppTheme" >
21-->src\main\AndroidManifest.xml:13:9-40
22        <activity
22-->src\main\AndroidManifest.xml:16:9-24:20
23            android:name="com.alexkang.loopboard.MainActivity"
23-->src\main\AndroidManifest.xml:17:13-63
24            android:label="@string/app_name"
24-->src\main\AndroidManifest.xml:18:13-45
25            android:screenOrientation="portrait" >
25-->src\main\AndroidManifest.xml:19:13-49
26            <intent-filter>
26-->src\main\AndroidManifest.xml:20:13-23:29
27                <action android:name="android.intent.action.MAIN" />
27-->src\main\AndroidManifest.xml:21:17-69
27-->src\main\AndroidManifest.xml:21:25-66
28
29                <category android:name="android.intent.category.LAUNCHER" />
29-->src\main\AndroidManifest.xml:22:17-77
29-->src\main\AndroidManifest.xml:22:27-74
30            </intent-filter>
31        </activity>
32
33        <meta-data
33-->[com.android.support:design:26.1.0] AndroidManifest.xml:26:9-28:38
34            android:name="android.support.VERSION"
34-->[com.android.support:design:26.1.0] AndroidManifest.xml:27:13-51
35            android:value="26.1.0" />
35-->[com.android.support:design:26.1.0] AndroidManifest.xml:28:13-35
36        <meta-data
36-->[android.arch.lifecycle:runtime:1.0.0] AndroidManifest.xml:25:9-27:47
37            android:name="android.arch.lifecycle.VERSION"
37-->[android.arch.lifecycle:runtime:1.0.0] AndroidManifest.xml:26:13-58
38            android:value="27.0.0-SNAPSHOT" />
38-->[android.arch.lifecycle:runtime:1.0.0] AndroidManifest.xml:27:13-44
39    </application>
40
41</manifest>